[H[2J[3JChe film vuoi vedere? [H[2J[3J[ ALTADEFINIZIONE_SPA ] https://altadefinizione.spa/serie-tv/29117-la-casa-di-davide/watching.html
[ ALTADEFINIZIONE_SPA ] https://altadefinizione.spa/serie-tv/24747-la-casa-di-carta-full-serie-online/watching.html
[ ALTADEFINIZIONE_SPA ] https://altadefinizione.spa/drammatico/29807-la-casa-degli-sguardi-streaming/watching.html
[ ALTADEFINIZIONE_SPA ] https://altadefinizione.spa/commedia/28690-la-casa-delle-ombre-lunghe-streaming/watching.html
[ ALTADEFINIZIONE_SPA ] https://altadefinizione.spa/serie-tv/27476-infiltrati-alla-casa-bianca/watching.html
[ ALTADEFINIZIONE_SPA ] https://altadefinizione.spa/avventura/28358-strawberry-mansion-la-casa-di-fragola-streaming/watching.html
[ ALTADEFINIZIONE_SPA ] https://altadefinizione.spa/drammatico/24681-la-casa-dei-matti-streaming/watching.html
[ ALTADEFINIZIONE_SPA ] https://altadefinizione.spa/serie-tv/27762-la-casa-nella-prateria/watching.html
[ ALTADEFINIZIONE_SPA ] https://altadefinizione.spa/crime/24569-the-independent-complotto-per-la-casa-bianca-streaming/watching.html
[ ALTADEFINIZIONE_SPA ] https://altadefinizione.spa/horror/24389-chi-vive-in-quella-casa-streaming/watching.html
[ ALTADEFINIZIONE_SPA ] https://altadefinizione.spa/drammatico/24357-dov-la-casa-del-mio-amico-streaming/watching.html
[ ALTADEFINIZIONE_SPA ] https://altadefinizione.spa/serie-tv/27031-la-casa-di-carta-corea-2022/watching.html
[ ALTADEFINIZIONE_SPA ] https://altadefinizione.spa/commedia/24071-la-casa-degli-orrori-nel-parco-streaming/watching.html
[ ALTADEFINIZIONE_SPA ] https://altadefinizione.spa/fantascienza/23590-la-casa-degli-orrori-streaming/watching.html
[ ALTADEFINIZIONE_SPA ] https://altadefinizione.spa/serie-tv/26687-la-donna-nella-casa-di-fronte-alla-ragazza-dalla-finestra/watching.html
[ ALTADEFINIZIONE_SPA ] https://altadefinizione.spa/drammatico/23567-shirley-in-corsa-per-la-casa-bianca-streaming/watching.html
[ ALTADEFINIZIONE_SPA ] https://altadefinizione.spa/drammatico/23463-la-casa-e-il-mondo-streaming/watching.html
[ ALTADEFINIZIONE_SPA ] https://altadefinizione.spa/serie-tv/27653-la-casa-di-carta-berlino/watching.html
[ ALTADEFINIZIONE_SPA ] https://altadefinizione.spa/drammatico/22917-la-casa-del-padre-streaming/watching.html
[ ALTADEFINIZIONE_SPA ] https://altadefinizione.spa/serie-tv/27571-la-caduta-della-casa-degli-usher/watching.html
[ ALTADEFINIZIONE_SPA ] https://altadefinizione.spa/commedia/21674-film-la-casa-dei-fantasmi-streaming/watching.html
[ ALTADEFINIZIONE_SPA ] https://altadefinizione.spa/serie-tv/25866-la-casa-delle-bambole-di-gabby/watching.html
[ ALTADEFINIZIONE_SPA ] https://altadefinizione.spa/fantasy/20836-la-casa-il-risveglio-del-male-stream-4k/watching.html
[ ALTADEFINIZIONE_SPA ] https://altadefinizione.spa/thriller/21814-objetos-la-casa-degli-oggetti-streaming/watching.html
[ ALTADEFINIZIONE_SPA ] https://altadefinizione.spa/animazione/20708-la-casa-degli-smarriti-sul-promontorio-streaming/watching.html
[ ALTADEFINIZIONE_SPA ] https://altadefinizione.spa/horror/20626-la-casa-dell-orrore-streaming/watching.html
[ ALTADEFINIZIONE_SPA ] https://altadefinizione.spa/commedia/20419-la-casa-dei-nostri-sogni-streaming/watching.html
[ ALTADEFINIZIONE_SPA ] https://altadefinizione.spa/animazione/20372-la-casa-tra-le-onde-streaming/watching.html
[ ALTADEFINIZIONE_SPA ] https://altadefinizione.spa/horror/19766-la-casa-sperduta-nel-parco-streaming/watching.html
[ ALTADEFINIZIONE_SPA ] https://altadefinizione.spa/horror/19647-la-casa-nella-palude-streaming-ita/watching.html
[ ALTADEFINIZIONE_SPA ] https://altadefinizione.spa/drammatico/17928-la-casa-in-fondo-al-lago-stream-hd/watching.html
[ ALTADEFINIZIONE_SPA ] https://altadefinizione.spa/commedia/19010-muppets-haunted-mansion-la-casa-stregata-streaming/watching.html
[ ALTADEFINIZIONE_SPA ] https://altadefinizione.spa/horror/18283-the-night-house-la-casa-oscura-stream-completo-1/watching.html
[ ALTADEFINIZIONE_SPA ] https://altadefinizione.spa/avventura/18070-la-casa-dei-sette-falchi-streaming/watching.html
[ ALTADEFINIZIONE_SPA ] https://altadefinizione.spa/animazione/17871-corto-maltese-la-casa-dorata-di-samarcanda-streaming/watching.html
[ ALTADEFINIZIONE_SPA ] https://altadefinizione.spa/commedia/17681-la-casa-delle-stelle-streaming/watching.html
[ ALTADEFINIZIONE_SPA ] https://altadefinizione.spa/horror/11753-guarda-the-turning-la-casa-del-male-streaming/watching.html
[ ALTADEFINIZIONE_SPA ] https://altadefinizione.spa/famiglia/17269-la-casa-inquietante-streaming/watching.html
[ ALTADEFINIZIONE_SPA ] https://altadefinizione.spa/horror/17228-la-casa-della-paura-streaming/watching.html
[ ALTADEFINIZIONE_SPA ] https://altadefinizione.spa/horror/16949-la-casa-maledetta-streaming/watching.html
[ ALTADEFINIZIONE_SPA ] https://altadefinizione.spa/famiglia/16890-rl-stine-i-racconti-del-brivido-la-casa-stregata-streaming/watching.html
[ ALTADEFINIZIONE_SPA ] https://altadefinizione.spa/drammatico/16677-la-casa-delle-anime-perdute-streaming/watching.html
[ ALTADEFINIZIONE_SPA ] https://altadefinizione.spa/horror/15192-la-casa-che-grondava-sangue-streaming/watching.html
[ ALTADEFINIZIONE_SPA ] https://altadefinizione.spa/horror/15120-la-casa-della-peste-streaming/watching.html
[ ALTADEFINIZIONE_SPA ] https://altadefinizione.spa/drammatico/15113-la-casa-della-gioia-streaming/watching.html
[ ALTADEFINIZIONE_SPA ] https://altadefinizione.spa/drammatico/14660-la-casa-muta-streaming/watching.html
[ ALTADEFINIZIONE_SPA ] https://altadefinizione.spa/horror/14646-il-ritorno-nella-casa-sulla-collina-streaming/watching.html
[ ALTADEFINIZIONE_SPA ] https://altadefinizione.spa/horror/10621-haunt-la-casa-del-terrore-streaming/watching.html
[ ALTADEFINIZIONE_SPA ] https://altadefinizione.spa/horror/13789-la-casa-degli-orrori-american-gothic-streaming/watching.html
[ ALTADEFINIZIONE_SPA ] https://altadefinizione.spa/horror/13711-la-casa-dalle-finestre-che-ridono-streaming/watching.html
[ ALTADEFINIZIONE_SPA ] https://altadefinizione.spa/horror/13689-la-casa-4-streaming/watching.html
[ ALTADEFINIZIONE_SPA ] https://altadefinizione.spa/azione/13684-delitto-alla-casa-bianca-streaming/watching.html
[ ALTADEFINIZIONE_SPA ] https://altadefinizione.spa/commedia/13638-la-casa-stregata-streaming/watching.html
[ ALTADEFINIZIONE_SPA ] https://altadefinizione.spa/crime/13605-sherlock-holmes-e-la-casa-del-terrore-streaming/watching.html
[ ALTADEFINIZIONE_SPA ] https://altadefinizione.spa/commedia/13571-fuga-dalla-casa-bianca-streaming/watching.html
[ ALTADEFINIZIONE_SPA ] https://altadefinizione.spa/commedia/13472-la-casa-stregata-di-elvira-streaming/watching.html
[ ALTADEFINIZIONE_SPA ] https://altadefinizione.spa/commedia/13005-la-casa-di-helen-streaming/watching.html
[ ALTADEFINIZIONE_SPA ] https://altadefinizione.spa/drammatico/12884-la-casa-dei-vampiri-streaming/watching.html
[ ALTADEFINIZIONE_SPA ] https://altadefinizione.spa/drammatico/12838-la-casa-delle-ombre-maledette-streaming/watching.html
[ ALTADEFINIZIONE_SPA ] https://altadefinizione.spa/horror/12574-non-entrate-in-quella-casa-streaming/watching.html
[ ALTADEFINIZIONE_SPA ] https://altadefinizione.spa/commedia/12513-una-teenager-alla-casa-bianca-streaming/watching.html
[ ALTADEFINIZIONE_SPA ] https://altadefinizione.spa/drammatico/11977-la-casa-del-corvo-streaming/watching.html
[ ALTADEFINIZIONE_SPA ] https://altadefinizione.spa/horror/11758-la-casa-dei-massacri-streaming/watching.html
[ ALTADEFINIZIONE_SPA ] https://altadefinizione.spa/drammatico/11341-la-casa-ai-confini-della-realta-streaming/watching.html
[ ALTADEFINIZIONE_SPA ] https://altadefinizione.spa/azione/11299-la-casa-russia-streaming/watching.html
[ ALTADEFINIZIONE_SPA ] https://altadefinizione.spa/horror/11148-la-casa-del-peccato-mortale-streaming/watching.html
[ ALTADEFINIZIONE_SPA ] https://altadefinizione.spa/azione/10723-la-casa-della-92a-strada-streaming/watching.html
[ ALTADEFINIZIONE_SPA ] https://altadefinizione.spa/horror/10630-la-casa-di-mary-streaming/watching.html
[ ALTADEFINIZIONE_SPA ] https://altadefinizione.spa/crime/7911-la-casa-del-diavolo/watching.html
[ ALTADEFINIZIONE_SPA ] https://altadefinizione.spa/horror/9813-la-casa-7-streaming/watching.html
[ ALTADEFINIZIONE_SPA ] https://altadefinizione.spa/animazione/9398-evil-toons-non-entrate-in-quella-casa-streaming/watching.html
[ ALTADEFINIZIONE_SPA ] https://altadefinizione.spa/drammatico/8104-ghostland-la-casa-delle-bambole-completo/watching.html
[ ALTADEFINIZIONE_SPA ] https://altadefinizione.spa/crime/9074-la-casa-di-jack/watching.html
[ ALTADEFINIZIONE_SPA ] https://altadefinizione.spa/drammatico/8993-la-casa-sulla-scogliera/watching.html
[ ALTADEFINIZIONE_SPA ] https://altadefinizione.spa/commedia/8306-il-mistero-della-casa-del-tempo-streaming/watching.html
[ ALTADEFINIZIONE_SPA ] https://altadefinizione.spa/drammatico/8662-la-casa-dei-libri-streaming/watching.html
[ ALTADEFINIZIONE_SPA ] https://altadefinizione.spa/horror/8554-la-casa-evil-dead/watching.html
[ ALTADEFINIZIONE_SPA ] https://altadefinizione.spa/commedia/8322-la-casa-2-streaming/watching.html
[ ALTADEFINIZIONE_SPA ] https://altadefinizione.spa/drammatico/8285-la-casa-sul-mare/watching.html
[ ALTADEFINIZIONE_SPA ] https://altadefinizione.spa/avventura/629-la-casa-del-coccodrillo/watching.html
[ ALTADEFINIZIONE_SPA ] https://altadefinizione.spa/horror/7906-la-casa-dei-1000-corpi/watching.html
[ ALTADEFINIZIONE_SPA ] https://altadefinizione.spa/drammatico/7775-la-casa-di-bambu/watching.html
[ ALTADEFINIZIONE_SPA ] https://altadefinizione.spa/drammatico/7715-la-casa-di-sabbia-e-nebbia/watching.html
[ ALTADEFINIZIONE_SPA ] https://altadefinizione.spa/crime/7487-ferro-3-la-casa-vuota/watching.html
[ ALTADEFINIZIONE_SPA ] https://altadefinizione.spa/horror/7473-american-gothic-la-casa-degli-orrori-streaming/watching.html
[ ALTADEFINIZIONE_SPA ] https://altadefinizione.spa/commedia/4224-la-casa-di-famiglia/watching.html
[ ALTADEFINIZIONE_SPA ] https://altadefinizione.spa/commedia/6856-la-casa-dei-sogni/watching.html
[ ALTADEFINIZIONE_SPA ] https://altadefinizione.spa/commedia/6824-chi-e-sepolto-in-quella-casa/watching.html
[ ALTADEFINIZIONE_SPA ] https://altadefinizione.spa/horror/6782-la-casa-5/watching.html
[ ALTADEFINIZIONE_SPA ] https://altadefinizione.spa/horror/6781-la-casa-3/watching.html
[ ALTADEFINIZIONE_SPA ] https://altadefinizione.spa/commedia/5486-la-casa-dei-fantasmi/watching.html
[ ALTADEFINIZIONE_SPA ] https://altadefinizione.spa/commedia/5420-la-casa-nera/watching.html
[ ALTADEFINIZIONE_SPA ] https://altadefinizione.spa/commedia/5351-nella-casa/watching.html
[ ALTADEFINIZIONE_SPA ] https://altadefinizione.spa/drammatico/4710-the-butler-un-maggiordomo-alla-casa-bianca/watching.html
[ ALTADEFINIZIONE_SPA ] https://altadefinizione.spa/horror/3850-quella-casa-nel-bosco/watching.html
[ ALTADEFINIZIONE_SPA ] https://altadefinizione.spa/horror/3439-la-casa-del-terrore-streaming/watching.html
[ ALTADEFINIZIONE_SPA ] https://altadefinizione.spa/horror/3205-il-mistero-della-casa-sulla-collina/watching.html
[ ALTADEFINIZIONE_SPA ] https://altadefinizione.spa/drammatico/2972-la-casa-degli-spiriti/watching.html
[ ALTADEFINIZIONE_SPA ] https://altadefinizione.spa/horror/2997-la-casa/watching.html
[ ALTADEFINIZIONE_SPA ] https://altadefinizione.spa/horror/2690-la-casa-dellorco/watching.html
[ ALTADEFINIZIONE_SPA ] https://altadefinizione.spa/drammatico/2304-la-casa-sul-lago-del-tempo-streaming/watching.html
[ ALTADEFINIZIONE_SPA ] https://altadefinizione.spa/drammatico/1657-le-regole-della-casa-del-sidro/watching.html
[ ALTADEFINIZIONE_SPA ] https://altadefinizione.spa/avventura/1298-miss-peregrine-la-casa-dei-ragazzi-speciali/watching.html
[ ALTADEFINIZIONE_SPA ] https://altadefinizione.spa/famiglia/975-max-2-un-eroe-alla-casa-bianca/watching.html
[ RAKUTEN_TV ] Film non trovato
[ STREAMING_COMMUNITY ] https://streaming-community.luxe/titles/29117-guarda-la-casa-di-davide/watching.html
[ STREAMING_COMMUNITY ] https://streaming-community.luxe/titles/24747-guarda-la-casa-di-carta-full-serie-online/watching.html
[ STREAMING_COMMUNITY ] https://streaming-community.luxe/titles/29807-guarda-la-casa-degli-sguardi-streaming/watching.html
[ STREAMING_COMMUNITY ] https://streaming-community.luxe/titles/28690-guarda-la-casa-delle-ombre-lunghe-streaming/watching.html
[ STREAMING_COMMUNITY ] https://streaming-community.luxe/titles/27476-guarda-infiltrati-alla-casa-bianca/watching.html
[ STREAMING_COMMUNITY ] https://streaming-community.luxe/titles/28358-guarda-strawberry-mansion-la-casa-di-fragola-streaming/watching.html
[ STREAMING_COMMUNITY ] https://streaming-community.luxe/titles/24681-guarda-la-casa-dei-matti-streaming/watching.html
[ STREAMING_COMMUNITY ] https://streaming-community.luxe/titles/27762-guarda-la-casa-nella-prateria/watching.html
[ STREAMING_COMMUNITY ] https://streaming-community.luxe/titles/24569-guarda-the-independent-complotto-per-la-casa-bianca-streaming/watching.html
[ STREAMING_COMMUNITY ] https://streaming-community.luxe/titles/24389-guarda-chi-vive-in-quella-casa-streaming/watching.html
[ STREAMING_COMMUNITY ] https://streaming-community.luxe/titles/24357-guarda-dov-la-casa-del-mio-amico-streaming/watching.html
[ STREAMING_COMMUNITY ] https://streaming-community.luxe/titles/27031-guarda-la-casa-di-carta-corea-2022/watching.html
[ STREAMING_COMMUNITY ] https://streaming-community.luxe/titles/24071-guarda-la-casa-degli-orrori-nel-parco-streaming/watching.html
[ STREAMING_COMMUNITY ] https://streaming-community.luxe/titles/23590-guarda-la-casa-degli-orrori-streaming/watching.html
[ STREAMING_COMMUNITY ] https://streaming-community.luxe/titles/26687-guarda-la-donna-nella-casa-di-fronte-alla-ragazza-dalla-finestra/watching.html
[ STREAMING_COMMUNITY ] https://streaming-community.luxe/titles/23567-guarda-shirley-in-corsa-per-la-casa-bianca-streaming/watching.html
[ STREAMING_COMMUNITY ] https://streaming-community.luxe/titles/23463-guarda-la-casa-e-il-mondo-streaming/watching.html
[ STREAMING_COMMUNITY ] https://streaming-community.luxe/titles/27653-guarda-la-casa-di-carta-berlino/watching.html
[ STREAMING_COMMUNITY ] https://streaming-community.luxe/titles/22917-guarda-la-casa-del-padre-streaming/watching.html
[ STREAMING_COMMUNITY ] https://streaming-community.luxe/titles/27571-guarda-la-caduta-della-casa-degli-usher/watching.html
[ STREAMING_COMMUNITY ] https://streaming-community.luxe/titles/21674-guarda-film-la-casa-dei-fantasmi-streaming/watching.html
[ STREAMING_COMMUNITY ] https://streaming-community.luxe/titles/25866-guarda-la-casa-delle-bambole-di-gabby/watching.html
[ STREAMING_COMMUNITY ] https://streaming-community.luxe/titles/20836-guarda-la-casa-il-risveglio-del-male-streaming/watching.html
[ STREAMING_COMMUNITY ] https://streaming-community.luxe/titles/21814-guarda-objetos-la-casa-degli-oggetti-streaming/watching.html
[ STREAMING_COMMUNITY ] https://streaming-community.luxe/titles/20708-guarda-la-casa-degli-smarriti-sul-promontorio-streaming/watching.html
[ STREAMING_COMMUNITY ] https://streaming-community.luxe/titles/20626-guarda-la-casa-dell-orrore-streaming/watching.html
[ STREAMING_COMMUNITY ] https://streaming-community.luxe/titles/20419-guarda-la-casa-dei-nostri-sogni-streaming/watching.html
[ STREAMING_COMMUNITY ] https://streaming-community.luxe/titles/20372-guarda-la-casa-tra-le-onde-streaming/watching.html
[ STREAMING_COMMUNITY ] https://streaming-community.luxe/titles/19766-guarda-la-casa-sperduta-nel-parco-streaming/watching.html
[ STREAMING_COMMUNITY ] https://streaming-community.luxe/titles/19647-guarda-la-casa-nella-palude-streaming-ita/watching.html
[ STREAMING_COMMUNITY ] https://streaming-community.luxe/titles/17928-guarda-la-casa-in-fondo-al-lago-streaming/watching.html
[ STREAMING_COMMUNITY ] https://streaming-community.luxe/titles/19010-guarda-muppets-haunted-mansion-la-casa-stregata-streaming/watching.html
[ STREAMING_COMMUNITY ] https://streaming-community.luxe/titles/18283-guarda-the-night-house-la-casa-oscura-stream-completo-1/watching.html
[ STREAMING_COMMUNITY ] https://streaming-community.luxe/titles/18070-guarda-la-casa-dei-sette-falchi-streaming/watching.html
[ STREAMING_COMMUNITY ] https://streaming-community.luxe/titles/17871-guarda-corto-maltese-la-casa-dorata-di-samarcanda-streaming/watching.html
[ STREAMING_COMMUNITY ] https://streaming-community.luxe/titles/17681-guarda-la-casa-delle-stelle-streaming/watching.html
[ STREAMING_COMMUNITY ] https://streaming-community.luxe/titles/11753-guarda-guarda-the-turning-la-casa-del-male-streaming/watching.html
[ STREAMING_COMMUNITY ] https://streaming-community.luxe/titles/17269-guarda-la-casa-inquietante-streaming/watching.html
[ STREAMING_COMMUNITY ] https://streaming-community.luxe/titles/17228-guarda-la-casa-della-paura-streaming/watching.html
[ STREAMING_COMMUNITY ] https://streaming-community.luxe/titles/16949-guarda-la-casa-maledetta-streaming/watching.html
[ STREAMING_COMMUNITY ] https://streaming-community.luxe/titles/16890-guarda-rl-stine-i-racconti-del-brivido-la-casa-stregata-streaming/watching.html
[ STREAMING_COMMUNITY ] https://streaming-community.luxe/titles/16677-guarda-la-casa-delle-anime-perdute-streaming/watching.html
[ STREAMING_COMMUNITY ] https://streaming-community.luxe/titles/15192-guarda-la-casa-che-grondava-sangue-streaming/watching.html
[ STREAMING_COMMUNITY ] https://streaming-community.luxe/titles/15120-guarda-la-casa-della-peste-streaming/watching.html
[ STREAMING_COMMUNITY ] https://streaming-community.luxe/titles/15113-guarda-la-casa-della-gioia-streaming/watching.html
[ STREAMING_COMMUNITY ] https://streaming-community.luxe/titles/14660-guarda-la-casa-muta-streaming/watching.html
[ STREAMING_COMMUNITY ] https://streaming-community.luxe/titles/14646-guarda-il-ritorno-nella-casa-sulla-collina-streaming/watching.html
[ STREAMING_COMMUNITY ] https://streaming-community.luxe/titles/10621-guarda-haunt-la-casa-del-terrore-streaming/watching.html
[ STREAMING_COMMUNITY ] https://streaming-community.luxe/titles/13789-guarda-la-casa-degli-orrori-american-gothic-streaming/watching.html
[ STREAMING_COMMUNITY ] https://streaming-community.luxe/titles/13711-guarda-la-casa-dalle-finestre-che-ridono-streaming/watching.html
[ STREAMING_COMMUNITY ] https://streaming-community.luxe/titles/13689-guarda-la-casa-4-streaming/watching.html
[ STREAMING_COMMUNITY ] https://streaming-community.luxe/titles/13684-guarda-delitto-alla-casa-bianca-streaming/watching.html
[ STREAMING_COMMUNITY ] https://streaming-community.luxe/titles/13638-guarda-la-casa-stregata-streaming/watching.html
[ STREAMING_COMMUNITY ] https://streaming-community.luxe/titles/13605-guarda-sherlock-holmes-e-la-casa-del-terrore-streaming/watching.html
[ STREAMING_COMMUNITY ] https://streaming-community.luxe/titles/13571-guarda-fuga-dalla-casa-bianca-streaming/watching.html
[ STREAMING_COMMUNITY ] https://streaming-community.luxe/titles/13472-guarda-la-casa-stregata-di-elvira-streaming/watching.html
[ STREAMING_COMMUNITY ] https://streaming-community.luxe/titles/13005-guarda-la-casa-di-helen-streaming/watching.html
[ STREAMING_COMMUNITY ] https://streaming-community.luxe/titles/12884-guarda-la-casa-dei-vampiri-streaming/watching.html
[ STREAMING_COMMUNITY ] https://streaming-community.luxe/titles/12838-guarda-la-casa-delle-ombre-maledette-streaming/watching.html
[ STREAMING_COMMUNITY ] https://streaming-community.luxe/titles/12574-guarda-non-entrate-in-quella-casa-streaming/watching.html
[ STREAMING_COMMUNITY ] https://streaming-community.luxe/titles/12513-guarda-una-teenager-alla-casa-bianca-streaming/watching.html
[ STREAMING_COMMUNITY ] https://streaming-community.luxe/titles/11977-guarda-la-casa-del-corvo-streaming/watching.html
[ STREAMING_COMMUNITY ] https://streaming-community.luxe/titles/11758-guarda-la-casa-dei-massacri-streaming/watching.html
[ STREAMING_COMMUNITY ] https://streaming-community.luxe/titles/11341-guarda-la-casa-ai-confini-della-realta-streaming/watching.html
[ STREAMING_COMMUNITY ] https://streaming-community.luxe/titles/11299-guarda-la-casa-russia-streaming/watching.html
[ STREAMING_COMMUNITY ] https://streaming-community.luxe/titles/11148-guarda-la-casa-del-peccato-mortale-streaming/watching.html
[ STREAMING_COMMUNITY ] https://streaming-community.luxe/titles/10723-guarda-la-casa-della-92a-strada-streaming/watching.html
[ STREAMING_COMMUNITY ] https://streaming-community.luxe/titles/10630-guarda-la-casa-di-mary-streaming/watching.html
[ STREAMING_COMMUNITY ] https://streaming-community.luxe/titles/7911-guarda-la-casa-del-diavolo/watching.html
[ STREAMING_COMMUNITY ] https://streaming-community.luxe/titles/9813-guarda-la-casa-7-streaming/watching.html
[ STREAMING_COMMUNITY ] https://streaming-community.luxe/titles/9398-guarda-evil-toons-non-entrate-in-quella-casa-streaming/watching.html
[ STREAMING_COMMUNITY ] https://streaming-community.luxe/titles/8104-guarda-ghostland-la-casa-delle-bambole-completo/watching.html
[ STREAMING_COMMUNITY ] https://streaming-community.luxe/titles/9074-guarda-la-casa-di-jack/watching.html
[ STREAMING_COMMUNITY ] https://streaming-community.luxe/titles/8993-guarda-la-casa-sulla-scogliera/watching.html
[ STREAMING_COMMUNITY ] https://streaming-community.luxe/titles/8306-guarda-il-mistero-della-casa-del-tempo-streaming/watching.html
[ STREAMING_COMMUNITY ] https://streaming-community.luxe/titles/8662-guarda-la-casa-dei-libri-streaming/watching.html
[ STREAMING_COMMUNITY ] https://streaming-community.luxe/titles/8554-guarda-la-casa-evil-dead/watching.html
[ STREAMING_COMMUNITY ] https://streaming-community.luxe/titles/8322-guarda-la-casa-2-streaming/watching.html
[ STREAMING_COMMUNITY ] https://streaming-community.luxe/titles/8285-guarda-la-casa-sul-mare/watching.html
[ STREAMING_COMMUNITY ] https://streaming-community.luxe/titles/629-guarda-la-casa-del-coccodrillo/watching.html
[ STREAMING_COMMUNITY ] https://streaming-community.luxe/titles/7906-guarda-la-casa-dei-1000-corpi/watching.html
[ STREAMING_COMMUNITY ] https://streaming-community.luxe/titles/7775-guarda-la-casa-di-bambu/watching.html
[ STREAMING_COMMUNITY ] https://streaming-community.luxe/titles/7715-guarda-la-casa-di-sabbia-e-nebbia/watching.html
[ STREAMING_COMMUNITY ] https://streaming-community.luxe/titles/7487-guarda-ferro-3-la-casa-vuota/watching.html
[ STREAMING_COMMUNITY ] https://streaming-community.luxe/titles/7473-guarda-american-gothic-la-casa-degli-orrori-streaming/watching.html
[ STREAMING_COMMUNITY ] https://streaming-community.luxe/titles/4224-guarda-la-casa-di-famiglia/watching.html
[ STREAMING_COMMUNITY ] https://streaming-community.luxe/titles/6856-guarda-la-casa-dei-sogni/watching.html
[ STREAMING_COMMUNITY ] https://streaming-community.luxe/titles/6824-guarda-chi-e-sepolto-in-quella-casa/watching.html
[ STREAMING_COMMUNITY ] https://streaming-community.luxe/titles/6782-guarda-la-casa-5/watching.html
[ STREAMING_COMMUNITY ] https://streaming-community.luxe/titles/6781-guarda-la-casa-3/watching.html
[ STREAMING_COMMUNITY ] https://streaming-community.luxe/titles/5486-guarda-la-casa-dei-fantasmi/watching.html
[ STREAMING_COMMUNITY ] https://streaming-community.luxe/titles/5420-guarda-la-casa-nera/watching.html
[ STREAMING_COMMUNITY ] https://streaming-community.luxe/titles/5351-guarda-nella-casa/watching.html
[ STREAMING_COMMUNITY ] https://streaming-community.luxe/titles/4710-guarda-the-butler-un-maggiordomo-alla-casa-bianca/watching.html
[ STREAMING_COMMUNITY ] https://streaming-community.luxe/titles/3850-guarda-quella-casa-nel-bosco/watching.html
[ STREAMING_COMMUNITY ] https://streaming-community.luxe/titles/3439-guarda-la-casa-del-terrore-streaming/watching.html
[ STREAMING_COMMUNITY ] https://streaming-community.luxe/titles/3205-guarda-il-mistero-della-casa-sulla-collina/watching.html
[ STREAMING_COMMUNITY ] https://streaming-community.luxe/titles/2972-guarda-la-casa-degli-spiriti/watching.html
[ STREAMING_COMMUNITY ] https://streaming-community.luxe/titles/2997-guarda-la-casa/watching.html
[ STREAMING_COMMUNITY ] https://streaming-community.luxe/titles/2690-guarda-la-casa-dellorco/watching.html
[ STREAMING_COMMUNITY ] https://streaming-community.luxe/titles/2304-guarda-la-casa-sul-lago-del-tempo-streaming/watching.html
[ STREAMING_COMMUNITY ] https://streaming-community.luxe/titles/1657-guarda-le-regole-della-casa-del-sidro/watching.html
[ STREAMING_COMMUNITY ] https://streaming-community.luxe/titles/1298-guarda-miss-peregrine-la-casa-dei-ragazzi-speciali/watching.html
[ STREAMING_COMMUNITY ] https://streaming-community.luxe/titles/975-guarda-max-2-un-eroe-alla-casa-bianca/watching.html
